Using pre-set license
Built from '2020.3/staging' branch; Version is '2020.3.48f1 (b805b124c6b7) revision 12060081'; Using compiler version '192528614'; Build Type 'Release'
OS: 'Windows 10  (10.0.19045) 64bit Professional' Language: 'ko' Physical Memory: 16322 MB
BatchMode: 1, IsHumanControllingUs: 0, StartBugReporterOnCrash: 0, Is64bit: 1, IsPro: 0

COMMAND LINE ARGUMENTS:
C:\Program Files\Unity\Hub\Editor\2020.3.48f1\Editor\Unity.exe
-adb2
-batchMode
-noUpm
-name
AssetImportWorker0
-projectPath
C:/OnlyUnity/This_is_my_conducting
-logFile
Logs/AssetImportWorker0.log
-srvPort
13603
Successfully changed project path to: C:/OnlyUnity/This_is_my_conducting
C:/OnlyUnity/This_is_my_conducting
Using Asset Import Pipeline V2.
Player connection [1716] Host "[IP] 192.168.35.229 [Port] 73 [Flags] 2 [Guid] 741995245 [EditorId] 741995245 [Version] 1048832 [Id] WindowsEditor(7,DESKTOP-1OB7KML) [Debug] 1 [PackageName] WindowsEditor [ProjectName] Editor" joined multi-casting on [225.0.0.222:54997]...

Player connection [1716] Host "[IP] 192.168.35.229 [Port] 73 [Flags] 2 [Guid] 741995245 [EditorId] 741995245 [Version] 1048832 [Id] WindowsEditor(7,DESKTOP-1OB7KML) [Debug] 1 [PackageName] WindowsEditor [ProjectName] Editor" joined alternative multi-casting on [225.0.0.222:34997]...

Refreshing native plugins compatible for Editor in 61.21 ms, found 11 plugins.
Preloading 2 native plugins for Editor in 1.94 ms.
Initialize engine version: 2020.3.48f1 (b805b124c6b7)
[Subsystems] Discovering subsystems at path C:/Program Files/Unity/Hub/Editor/2020.3.48f1/Editor/Data/Resources/UnitySubsystems
[Subsystems] Discovering subsystems at path C:/OnlyUnity/This_is_my_conducting/Assets
GfxDevice: creating device client; threaded=0
Direct3D:
    Version:  Direct3D 11.0 [level 11.1]
    Renderer: NVIDIA GeForce GTX 1660 SUPER (ID=0x21c4)
    Vendor:   
    VRAM:     5980 MB
    Driver:   31.0.15.3623
Initialize mono
Mono path[0] = 'C:/Program Files/Unity/Hub/Editor/2020.3.48f1/Editor/Data/Managed'
Mono path[1] = 'C:/Program Files/Unity/Hub/Editor/2020.3.48f1/Editor/Data/MonoBleedingEdge/lib/mono/unityjit'
Mono config path = 'C:/Program Files/Unity/Hub/Editor/2020.3.48f1/Editor/Data/MonoBleedingEdge/etc'
Using monoOptions --debugger-agent=transport=dt_socket,embedding=1,server=y,suspend=n,address=127.0.0.1:56344
Begin MonoManager ReloadAssembly
Registering precompiled unity dll's ...
Register platform support module: C:/Program Files/Unity/Hub/Editor/2020.3.48f1/Editor/Data/PlaybackEngines/WindowsStandaloneSupport/UnityEditor.WindowsStandalone.Extensions.dll
Registered in 0.003136 seconds.
Native extension for WindowsStandalone target not found
Refreshing native plugins compatible for Editor in 45.95 ms, found 11 plugins.
Preloading 2 native plugins for Editor in 0.21 ms.
Mono: successfully reloaded assembly
- Completed reload, in  0.557 seconds
Domain Reload Profiling:
	ReloadAssembly (558ms)
		BeginReloadAssembly (73ms)
			ExecutionOrderSort (0ms)
			DisableScriptedObjects (0ms)
			BackupInstance (0ms)
			ReleaseScriptingObjects (0ms)
			CreateAndSetChildDomain (1ms)
		EndReloadAssembly (413ms)
			LoadAssemblies (70ms)
			RebuildTransferFunctionScriptingTraits (0ms)
			SetupTypeCache (134ms)
			ReleaseScriptCaches (0ms)
			RebuildScriptCaches (25ms)
			SetupLoadedEditorAssemblies (153ms)
				LogAssemblyErrors (0ms)
				InitializePlatformSupportModulesInManaged (4ms)
				SetLoadedEditorAssemblies (0ms)
				RefreshPlugins (46ms)
				BeforeProcessingInitializeOnLoad (11ms)
				ProcessInitializeOnLoadAttributes (68ms)
				ProcessInitializeOnLoadMethodAttributes (23ms)
				AfterProcessingInitializeOnLoad (0ms)
				EditorAssembliesLoaded (0ms)
			ExecutionOrderSort2 (0ms)
			AwakeInstancesAfterBackupRestoration (0ms)
Platform modules already initialized, skipping
Registering precompiled user dll's ...
Registered in 0.010694 seconds.
Begin MonoManager ReloadAssembly
Native extension for WindowsStandalone target not found
Refreshing native plugins compatible for Editor in 44.99 ms, found 11 plugins.
Preloading 2 native plugins for Editor in 0.22 ms.
[XR] OculusXRPlugin: registering subsystems
[XR] Unable to register display lifecyle provider: [1]
[XR] Oculus Input lifecycle provider registered.
[XR] Unable to register input lifecyle provider: [1]
System.Reflection.TargetInvocationException: Exception has been thrown by the target of an invocation. ---> System.NullReferenceException: Object reference not set to an instance of an object
  at Unity.XR.Oculus.OculusLoader.AssetPathToAbsolutePath (System.String assetPath) [0x00048] in C:\OnlyUnity\This_is_my_conducting\Library\PackageCache\com.unity.xr.oculus@1.13.1\Runtime\OculusLoader.cs:265 
  at Unity.XR.Oculus.OculusLoader.EditorLoadOVRPlugin () [0x0007b] in C:\OnlyUnity\This_is_my_conducting\Library\PackageCache\com.unity.xr.oculus@1.13.1\Runtime\OculusLoader.cs:250 
  at (wrapper managed-to-native) System.Reflection.MonoMethod.InternalInvoke(System.Reflection.MonoMethod,object,object[],System.Exception&)
  at System.Reflection.MonoMethod.Invoke (System.Object obj, System.Reflection.BindingFlags invokeAttr, System.Reflection.Binder binder, System.Object[] parameters, System.Globalization.CultureInfo culture) [0x00032] in <695d1cc93cca45069c528c15c9fdd749>:0 
   --- End of inner exception stack trace ---
  at System.Reflection.MonoMethod.Invoke (System.Object obj, System.Reflection.BindingFlags invokeAttr, System.Reflection.Binder binder, System.Object[] parameters, System.Globalization.CultureInfo culture) [0x00048] in <695d1cc93cca45069c528c15c9fdd749>:0 
  at System.Reflection.MethodBase.Invoke (System.Object obj, System.Object[] parameters) [0x00000] in <695d1cc93cca45069c528c15c9fdd749>:0 
  at UnityEditor.EditorAssemblies.ProcessInitializeOnLoadMethodAttributes () [0x00047] in <25578071f6e44201aac745680e5c8dfc>:0 
UnityEngine.StackTraceUtility:ExtractStackTrace ()
UnityEngine.DebugLogHandler:LogFormat (UnityEngine.LogType,UnityEngine.Object,string,object[])
UnityEngine.Logger:Log (UnityEngine.LogType,object)
UnityEngine.Debug:LogError (object)
UnityEditor.EditorAssemblies:ProcessInitializeOnLoadMethodAttributes ()

Mono: successfully reloaded assembly
- Completed reload, in  1.291 seconds
Domain Reload Profiling:
	ReloadAssembly (1292ms)
		BeginReloadAssembly (145ms)
			ExecutionOrderSort (0ms)
			DisableScriptedObjects (4ms)
			BackupInstance (0ms)
			ReleaseScriptingObjects (0ms)
			CreateAndSetChildDomain (16ms)
		EndReloadAssembly (1085ms)
			LoadAssemblies (118ms)
			RebuildTransferFunctionScriptingTraits (0ms)
			SetupTypeCache (275ms)
			ReleaseScriptCaches (0ms)
			RebuildScriptCaches (47ms)
			SetupLoadedEditorAssemblies (533ms)
				LogAssemblyErrors (0ms)
				InitializePlatformSupportModulesInManaged (3ms)
				SetLoadedEditorAssemblies (0ms)
				RefreshPlugins (45ms)
				BeforeProcessingInitializeOnLoad (90ms)
				ProcessInitializeOnLoadAttributes (367ms)
				ProcessInitializeOnLoadMethodAttributes (17ms)
				AfterProcessingInitializeOnLoad (10ms)
				EditorAssembliesLoaded (0ms)
			ExecutionOrderSort2 (0ms)
			AwakeInstancesAfterBackupRestoration (1ms)
Platform modules already initialized, skipping
========================================================================
Worker process is ready to serve import requests
Launched and connected shader compiler UnityShaderCompiler.exe after 0.03 seconds
Refreshing native plugins compatible for Editor in 0.65 ms, found 11 plugins.
Preloading 2 native plugins for Editor in 0.18 ms.
Unloading 2767 Unused Serialized files (Serialized files now loaded: 0)
System memory in use before: 121.8 MB.
System memory in use after: 122.0 MB.

Unloading 23 unused Assets to reduce memory usage. Loaded Objects now: 3204.
Total: 4.895700 ms (FindLiveObjects: 0.370800 ms CreateObjectMapping: 0.212800 ms MarkObjects: 4.214800 ms  DeleteObjects: 0.096300 ms)

AssetImportParameters requested are different than current active one (requested -> active):
  custom:framework-win-MediaFoundation: 216162199b28c13a410421893ffa2e32 -> 
  custom:video-decoder-ogg-theora: a1e56fd34408186e4bbccfd4996cb3dc -> 
  custom:container-muxer-webm: aa71ff27fc2769a1b78a27578f13a17b -> 
  custom:container-demuxer-webm: 4f35f7cbe854078d1ac9338744f61a02 -> 
  custom:container-demuxer-ogg: 62fdf1f143b41e24485cea50d1cbac27 -> 
  custom:video-encoder-webm-vp8: eb34c28f22e8b96e1ab97ce403110664 -> 
  custom:video-decoder-webm-vp8: 9c59270c3fd7afecdb556c50c9e8de78 -> 
  custom:audio-decoder-ogg-vorbis: bf7c407c2cedff20999df2af8eb42d56 -> 
  custom:audio-encoder-webm-vorbis: bf7c407c2cedff20999df2af8eb42d56 -> 
========================================================================
Received Import Request.
  path: Assets
  artifactKey: Guid(00000000000000001000000000000000) Importer(815301076,1909f56bfc062723c751e8b465ee728b)
Start importing Assets using Guid(00000000000000001000000000000000) Importer(815301076,1909f56bfc062723c751e8b465ee728b)  -> (artifact id: '42d402b061de3733987d63b9cc3b64de') in 0.007128 seconds 
========================================================================
Received Import Request.
  Time since last request: 5.217550 seconds.
  path: Assets/New Folder
  artifactKey: Guid(474d059d9f9008b49b7b4d5ab276b056) Importer(815301076,1909f56bfc062723c751e8b465ee728b)
Start importing Assets/New Folder using Guid(474d059d9f9008b49b7b4d5ab276b056) Importer(815301076,1909f56bfc062723c751e8b465ee728b)  -> (artifact id: 'ae1f45af40d8cf2c06d0635487164887') in 0.003146 seconds 
========================================================================
Received Import Request.
  Time since last request: 9.384209 seconds.
  path: Assets/New Folder 1
  artifactKey: Guid(c731267dff460d14bb48f3ea71029062) Importer(815301076,1909f56bfc062723c751e8b465ee728b)
Start importing Assets/New Folder 1 using Guid(c731267dff460d14bb48f3ea71029062) Importer(815301076,1909f56bfc062723c751e8b465ee728b)  -> (artifact id: 'a4cb953231bc24a5c7385497e1bb6892') in 0.002984 seconds 
========================================================================
Received Import Request.
  Time since last request: 2.722246 seconds.
  path: Assets/New Folder 1/New Folder
  artifactKey: Guid(f16d6ce8bbd050a4589b515c8985aae9) Importer(815301076,1909f56bfc062723c751e8b465ee728b)
Start importing Assets/New Folder 1/New Folder using Guid(f16d6ce8bbd050a4589b515c8985aae9) Importer(815301076,1909f56bfc062723c751e8b465ee728b)  -> (artifact id: '7c6aa0c2a8346ddb5d3f0de79230ad60') in 0.003209 seconds 
========================================================================
Received Import Request.
  Time since last request: 10.435417 seconds.
  path: Assets/New Folder 2
  artifactKey: Guid(6baad83264816bb4091af27b393c6543) Importer(815301076,1909f56bfc062723c751e8b465ee728b)
Start importing Assets/New Folder 2 using Guid(6baad83264816bb4091af27b393c6543) Importer(815301076,1909f56bfc062723c751e8b465ee728b)  -> (artifact id: '7a637cc70aa8f9b53b0dfa196bc1e478') in 0.003285 seconds 
========================================================================
Received Import Request.
  Time since last request: 2.342430 seconds.
  path: Assets/Mingu
  artifactKey: Guid(474d059d9f9008b49b7b4d5ab276b056) Importer(815301076,1909f56bfc062723c751e8b465ee728b)
Start importing Assets/Mingu using Guid(474d059d9f9008b49b7b4d5ab276b056) Importer(815301076,1909f56bfc062723c751e8b465ee728b)  -> (artifact id: 'ecc67fcc3711d34f4f752adc873413e5') in 0.003448 seconds 
========================================================================
Received Import Request.
  Time since last request: 0.824008 seconds.
  path: Assets/ExampleAssets
  artifactKey: Guid(83b7bbecd9fac4db9824039903a1eea8) Importer(815301076,1909f56bfc062723c751e8b465ee728b)
Start importing Assets/ExampleAssets using Guid(83b7bbecd9fac4db9824039903a1eea8) Importer(815301076,1909f56bfc062723c751e8b465ee728b)  -> (artifact id: 'bd20be3d3b74bba6bc9661c1e1903b77') in 0.003282 seconds 
========================================================================
Received Prepare
Registering precompiled user dll's ...
Registered in 0.010418 seconds.
Begin MonoManager ReloadAssembly
Native extension for WindowsStandalone target not found
Refreshing native plugins compatible for Editor in 0.76 ms, found 11 plugins.
Preloading 2 native plugins for Editor in 0.19 ms.
System.Reflection.TargetInvocationException: Exception has been thrown by the target of an invocation. ---> System.NullReferenceException: Object reference not set to an instance of an object
  at Unity.XR.Oculus.OculusLoader.AssetPathToAbsolutePath (System.String assetPath) [0x00048] in C:\OnlyUnity\This_is_my_conducting\Library\PackageCache\com.unity.xr.oculus@1.13.1\Runtime\OculusLoader.cs:265 
  at Unity.XR.Oculus.OculusLoader.EditorLoadOVRPlugin () [0x0007b] in C:\OnlyUnity\This_is_my_conducting\Library\PackageCache\com.unity.xr.oculus@1.13.1\Runtime\OculusLoader.cs:250 
  at (wrapper managed-to-native) System.Reflection.MonoMethod.InternalInvoke(System.Reflection.MonoMethod,object,object[],System.Exception&)
  at System.Reflection.MonoMethod.Invoke (System.Object obj, System.Reflection.BindingFlags invokeAttr, System.Reflection.Binder binder, System.Object[] parameters, System.Globalization.CultureInfo culture) [0x00032] in <695d1cc93cca45069c528c15c9fdd749>:0 
   --- End of inner exception stack trace ---
  at System.Reflection.MonoMethod.Invoke (System.Object obj, System.Reflection.BindingFlags invokeAttr, System.Reflection.Binder binder, System.Object[] parameters, System.Globalization.CultureInfo culture) [0x00048] in <695d1cc93cca45069c528c15c9fdd749>:0 
  at System.Reflection.MethodBase.Invoke (System.Object obj, System.Object[] parameters) [0x00000] in <695d1cc93cca45069c528c15c9fdd749>:0 
  at UnityEditor.EditorAssemblies.ProcessInitializeOnLoadMethodAttributes () [0x00047] in <25578071f6e44201aac745680e5c8dfc>:0 
UnityEngine.StackTraceUtility:ExtractStackTrace ()
UnityEngine.DebugLogHandler:LogFormat (UnityEngine.LogType,UnityEngine.Object,string,object[])
UnityEngine.Logger:Log (UnityEngine.LogType,object)
UnityEngine.Debug:LogError (object)
UnityEditor.EditorAssemblies:ProcessInitializeOnLoadMethodAttributes ()

Mono: successfully reloaded assembly
- Completed reload, in  1.161 seconds
Domain Reload Profiling:
	ReloadAssembly (1161ms)
		BeginReloadAssembly (135ms)
			ExecutionOrderSort (0ms)
			DisableScriptedObjects (3ms)
			BackupInstance (0ms)
			ReleaseScriptingObjects (0ms)
			CreateAndSetChildDomain (36ms)
		EndReloadAssembly (962ms)
			LoadAssemblies (119ms)
			RebuildTransferFunctionScriptingTraits (0ms)
			SetupTypeCache (273ms)
			ReleaseScriptCaches (1ms)
			RebuildScriptCaches (37ms)
			SetupLoadedEditorAssemblies (468ms)
				LogAssemblyErrors (0ms)
				InitializePlatformSupportModulesInManaged (4ms)
				SetLoadedEditorAssemblies (0ms)
				RefreshPlugins (1ms)
				BeforeProcessingInitializeOnLoad (104ms)
				ProcessInitializeOnLoadAttributes (333ms)
				ProcessInitializeOnLoadMethodAttributes (16ms)
				AfterProcessingInitializeOnLoad (11ms)
				EditorAssembliesLoaded (0ms)
			ExecutionOrderSort2 (0ms)
			AwakeInstancesAfterBackupRestoration (1ms)
Platform modules already initialized, skipping
Refreshing native plugins compatible for Editor in 1.08 ms, found 11 plugins.
Preloading 2 native plugins for Editor in 0.24 ms.
Unloading 2731 Unused Serialized files (Serialized files now loaded: 0)
System memory in use before: 121.2 MB.
System memory in use after: 121.4 MB.

Unloading 16 unused Assets to reduce memory usage. Loaded Objects now: 3208.
Total: 3.423900 ms (FindLiveObjects: 0.201600 ms CreateObjectMapping: 0.198100 ms MarkObjects: 2.970100 ms  DeleteObjects: 0.053400 ms)

AssetImportParameters requested are different than current active one (requested -> active):
  custom:framework-win-MediaFoundation: 216162199b28c13a410421893ffa2e32 -> 
  custom:video-decoder-ogg-theora: a1e56fd34408186e4bbccfd4996cb3dc -> 
  custom:container-muxer-webm: aa71ff27fc2769a1b78a27578f13a17b -> 
  custom:container-demuxer-webm: 4f35f7cbe854078d1ac9338744f61a02 -> 
  custom:container-demuxer-ogg: 62fdf1f143b41e24485cea50d1cbac27 -> 
  custom:video-encoder-webm-vp8: eb34c28f22e8b96e1ab97ce403110664 -> 
  custom:video-decoder-webm-vp8: 9c59270c3fd7afecdb556c50c9e8de78 -> 
  custom:audio-decoder-ogg-vorbis: bf7c407c2cedff20999df2af8eb42d56 -> 
  custom:audio-encoder-webm-vorbis: bf7c407c2cedff20999df2af8eb42d56 -> 
========================================================================
Received Import Request.
  Time since last request: 13.655907 seconds.
  path: Assets/Minsu
  artifactKey: Guid(c731267dff460d14bb48f3ea71029062) Importer(815301076,1909f56bfc062723c751e8b465ee728b)
Start importing Assets/Minsu using Guid(c731267dff460d14bb48f3ea71029062) Importer(815301076,1909f56bfc062723c751e8b465ee728b)  -> (artifact id: '4bb8ee8a572c8803d786207ba03c935f') in 0.007049 seconds 
========================================================================
Received Import Request.
  Time since last request: 19.389641 seconds.
  path: Assets/Lee
  artifactKey: Guid(6baad83264816bb4091af27b393c6543) Importer(815301076,1909f56bfc062723c751e8b465ee728b)
Start importing Assets/Lee using Guid(6baad83264816bb4091af27b393c6543) Importer(815301076,1909f56bfc062723c751e8b465ee728b)  -> (artifact id: 'a25bb7a2560de2c9903c9d006449fd4c') in 0.003521 seconds 
========================================================================
Received Import Request.
  Time since last request: 5.326789 seconds.
  path: Assets/Kim
  artifactKey: Guid(c731267dff460d14bb48f3ea71029062) Importer(815301076,1909f56bfc062723c751e8b465ee728b)
Start importing Assets/Kim using Guid(c731267dff460d14bb48f3ea71029062) Importer(815301076,1909f56bfc062723c751e8b465ee728b)  -> (artifact id: '7e1dc3732f11fe0a7e335885bd702579') in 0.003560 seconds 
========================================================================
Received Import Request.
  Time since last request: 34.867896 seconds.
  path: Assets/Kim/temp1.unity
  artifactKey: Guid(236c1503301ab874c9dd540e0b08c790) Importer(815301076,1909f56bfc062723c751e8b465ee728b)
Start importing Assets/Kim/temp1.unity using Guid(236c1503301ab874c9dd540e0b08c790) Importer(815301076,1909f56bfc062723c751e8b465ee728b)  -> (artifact id: 'f5f4f4bc2f7661a32c17cdac16cb1714') in 0.003153 seconds 
========================================================================
Received Import Request.
  Time since last request: 5.051151 seconds.
  path: Assets/Kim/Kim_temp1.unity
  artifactKey: Guid(236c1503301ab874c9dd540e0b08c790) Importer(815301076,1909f56bfc062723c751e8b465ee728b)
Start importing Assets/Kim/Kim_temp1.unity using Guid(236c1503301ab874c9dd540e0b08c790) Importer(815301076,1909f56bfc062723c751e8b465ee728b)  -> (artifact id: 'a2b356e398f28aebc5c8fc8685778335') in 0.003629 seconds 
========================================================================
Received Import Request.
  Time since last request: 9.463883 seconds.
  path: Assets/Lee/Lee_temp1.unity
  artifactKey: Guid(5388aef75eb1c8b4d871f6f27aca430f) Importer(815301076,1909f56bfc062723c751e8b465ee728b)
Start importing Assets/Lee/Lee_temp1.unity using Guid(5388aef75eb1c8b4d871f6f27aca430f) Importer(815301076,1909f56bfc062723c751e8b465ee728b)  -> (artifact id: 'cf96c6259971410e16d7c61b1787fea1') in 0.003159 seconds 
========================================================================
Received Import Request.
  Time since last request: 12.135313 seconds.
  path: Assets/Kim/Scene
  artifactKey: Guid(a6bfd4d287ab82e4bbc212590be0d848) Importer(815301076,1909f56bfc062723c751e8b465ee728b)
Start importing Assets/Kim/Scene using Guid(a6bfd4d287ab82e4bbc212590be0d848) Importer(815301076,1909f56bfc062723c751e8b465ee728b)  -> (artifact id: '4acb47deb955b13febe166f7d6785b7f') in 0.003344 seconds 
========================================================================
Received Import Request.
  Time since last request: 8.710692 seconds.
  path: Assets/Lee/Scene
  artifactKey: Guid(469ecbc2a48f05f4889afef91525092d) Importer(815301076,1909f56bfc062723c751e8b465ee728b)
Start importing Assets/Lee/Scene using Guid(469ecbc2a48f05f4889afef91525092d) Importer(815301076,1909f56bfc062723c751e8b465ee728b)  -> (artifact id: '25460c3843842e9b2131dda636805814') in 0.003084 seconds 
========================================================================
Received Import Request.
  Time since last request: 5.259882 seconds.
  path: Assets/Mingu/Scenes
  artifactKey: Guid(0cc1b79de78bc4991892d4d342d7211a) Importer(815301076,1909f56bfc062723c751e8b465ee728b)
Start importing Assets/Mingu/Scenes using Guid(0cc1b79de78bc4991892d4d342d7211a) Importer(815301076,1909f56bfc062723c751e8b465ee728b)  -> (artifact id: '05718aae937e79d80bf1c8a423d6d821') in 0.003466 seconds 
========================================================================
Received Import Request.
  Time since last request: 1.121595 seconds.
  path: Assets/Mingu/Scenes/OculusTemp.unity
  artifactKey: Guid(ccba0010e50babf4d8e0b0006f577e9a) Importer(815301076,1909f56bfc062723c751e8b465ee728b)
Start importing Assets/Mingu/Scenes/OculusTemp.unity using Guid(ccba0010e50babf4d8e0b0006f577e9a) Importer(815301076,1909f56bfc062723c751e8b465ee728b)  -> (artifact id: '8fabed5d7333ceb9665db774e90677bd') in 0.003306 seconds 
========================================================================
Received Import Request.
  Time since last request: 12.203003 seconds.
  path: Assets/Nothing.unity
  artifactKey: Guid(8dc7db4ad7d730a44ba17bf85dfd91a4) Importer(815301076,1909f56bfc062723c751e8b465ee728b)
Start importing Assets/Nothing.unity using Guid(8dc7db4ad7d730a44ba17bf85dfd91a4) Importer(815301076,1909f56bfc062723c751e8b465ee728b)  -> (artifact id: '8c55e3c1e71268af52962993e3d8617e') in 0.003549 seconds 
AssetImportWorkerClient::OnTransportError - code=2 error=End of file
